# JRE version: OpenJDK Runtime Environment Temurin-17.0.8.1+1 (17.0.8.1+1) (build 17.0.8.1+1)
# Java VM: OpenJDK 64-Bit Server VM Temurin-17.0.8.1+1 (17.0.8.1+1, mixed mode, emulated-client, tiered, compressed oops, compressed class ptrs, g1 gc, windows-amd64)
GC Precious Log:
 CPUs: 2 total, 2 available
 Memory: 3979M
 Large Page Support: Disabled
 NUMA Support: Disabled
 Compressed Oops: Enabled (32-bit)
 Heap Region Size: 1M
 Heap Min Capacity: 8M
 Heap Initial Capacity: 64M
 Heap Max Capacity: 1G
 Pre-touch: Disabled
 Parallel Workers: 2
 Concurrent Workers: 1
 Concurrent Refinement Workers: 2
 Periodic GC: Disabled
Heap:
 garbage-first heap   total 55296K, used 17355K [0x00000000c0000000, 0x0000000100000000)
  region size 1024K, 6 young (6144K), 2 survivors (2048K)
 Metaspace       used 22188K, committed 22336K, reserved 1114112K
  class space    used 2751K, committed 2816K, reserved 1048576K
GC Heap History (12 events):
Event: 5.284 GC heap before
{Heap before GC invocations=0 (full 0):
 garbage-first heap   total 65536K, used 5120K [0x00000000c0000000, 0x0000000100000000)
  region size 1024K, 6 young (6144K), 0 survivors (0K)
 Metaspace       used 4268K, committed 4416K, reserved 1114112K
  class space    used 413K, committed 512K, reserved 1048576K
}
Event: 5.514 GC heap after
{Heap after GC invocations=1 (full 0):
 garbage-first heap   total 65536K, used 4819K [0x00000000c0000000, 0x0000000100000000)
  region size 1024K, 1 young (1024K), 1 survivors (1024K)
 Metaspace       used 4268K, committed 4416K, reserved 1114112K
  class space    used 413K, committed 512K, reserved 1048576K
}
Event: 6.250 GC heap before
{Heap before GC invocations=1 (full 0):
 garbage-first heap   total 65536K, used 6867K [0x00000000c0000000, 0x0000000100000000)
  region size 1024K, 4 young (4096K), 1 survivors (1024K)
 Metaspace       used 4302K, committed 4480K, reserved 1114112K
  class space    used 417K, committed 512K, reserved 1048576K
}
Event: 6.253 GC heap after
{Heap after GC invocations=2 (full 0):
 garbage-first heap   total 65536K, used 5900K [0x00000000c0000000, 0x0000000100000000)
  region size 1024K, 1 young (1024K), 1 survivors (1024K)
 Metaspace       used 4302K, committed 4480K, reserved 1114112K
  class space    used 417K, committed 512K, reserved 1048576K
}
Event: 8.321 GC heap before
{Heap before GC invocations=2 (full 0):
 garbage-first heap   total 65536K, used 11020K [0x00000000c0000000, 0x0000000100000000)
  region size 1024K, 7 young (7168K), 1 survivors (1024K)
 Metaspace       used 6708K, committed 6784K, reserved 1114112K
  class space    used 681K, committed 704K, reserved 1048576K
}
Event: 8.327 GC heap after
{Heap after GC invocations=3 (full 0):
 garbage-first heap   total 65536K, used 8912K [0x00000000c0000000, 0x0000000100000000)
  region size 1024K, 1 young (1024K), 1 survivors (1024K)
 Metaspace       used 6708K, committed 6784K, reserved 1114112K
  class space    used 681K, committed 704K, reserved 1048576K
}
Event: 11.441 GC heap before
{Heap before GC invocations=3 (full 0):
 garbage-first heap   total 65536K, used 20176K [0x00000000c0000000, 0x0000000100000000)
  region size 1024K, 12 young (12288K), 1 survivors (1024K)
 Metaspace       used 10314K, committed 10496K, reserved 1114112K
  class space    used 1232K, committed 1344K, reserved 1048576K
}
Event: 11.447 GC heap after
{Heap after GC invocations=4 (full 0):
 garbage-first heap   total 65536K, used 9886K [0x00000000c0000000, 0x0000000100000000)
  region size 1024K, 2 young (2048K), 2 survivors (2048K)
 Metaspace       used 10314K, committed 10496K, reserved 1114112K
  class space    used 1232K, committed 1344K, reserved 1048576K
}
Event: 25.277 GC heap before
{Heap before GC invocations=4 (full 0):
 garbage-first heap   total 65536K, used 41630K [0x00000000c0000000, 0x0000000100000000)
  region size 1024K, 33 young (33792K), 2 survivors (2048K)
 Metaspace       used 17951K, committed 18176K, reserved 1114112K
  class space    used 2261K, committed 2368K, reserved 1048576K
}
Event: 25.317 GC heap after
{Heap after GC invocations=5 (full 0):
 garbage-first heap   total 65536K, used 12687K [0x00000000c0000000, 0x0000000100000000)
  region size 1024K, 5 young (5120K), 5 survivors (5120K)
 Metaspace       used 17951K, committed 18176K, reserved 1114112K
  class space    used 2261K, committed 2368K, reserved 1048576K
}
Event: 27.381 GC heap before
{Heap before GC invocations=5 (full 0):
 garbage-first heap   total 65536K, used 23951K [0x00000000c0000000, 0x0000000100000000)
  region size 1024K, 18 young (18432K), 5 survivors (5120K)
 Metaspace       used 21363K, committed 21504K, reserved 1114112K
  class space    used 2629K, committed 2688K, reserved 1048576K
}
Event: 27.401 GC heap after
{Heap after GC invocations=6 (full 0):
 garbage-first heap   total 65536K, used 14283K [0x00000000c0000000, 0x0000000100000000)
  region size 1024K, 2 young (2048K), 2 survivors (2048K)
 Metaspace       used 21363K, committed 21504K, reserved 1114112K
  class space    used 2629K, committed 2688K, reserved 1048576K
}

